<?xml version="1.0" encoding="UTF-8"?>
<!-- Generated by org.testng.reporters.JUnitReportReporter -->
<testsuite hostname="IN-PF2RSDYR" failures="0" tests="5" name="TestNGTests.PriorityTest" time="0.017" errors="0" timestamp="2024-01-14T15:37:15 IST" skipped="0">
  <testcase classname="TestNGTests.PriorityTest" name="login" time="0.012"/>
  <system-out/>
  <testcase classname="TestNGTests.PriorityTest" name="payment" time="0.001"/>
  <system-out/>
  <testcase classname="TestNGTests.PriorityTest" name="checkout" time="0.001"/>
  <system-out/>
  <testcase classname="TestNGTests.PriorityTest" name="product" time="0.002"/>
  <system-out/>
  <testcase classname="TestNGTests.PriorityTest" name="cart" time="0.001"/>
  <system-out/>
</testsuite> <!-- TestNGTests.PriorityTest -->
