<?xml version="1.0" encoding="UTF-8"?>
<!-- Generated by org.testng.reporters.JUnitReportReporter -->
<testsuite hostname="IN-PF2RSDYR" failures="0" tests="3" name="TestNGTests.IncludeTC" time="0.013" errors="0" timestamp="2024-01-28T14:25:57 IST" skipped="0">
  <testcase classname="TestNGTests.IncludeTC" name="test" time="0.009"/>
  <system-out/>
  <testcase classname="TestNGTests.IncludeTC" name="test3" time="0.002"/>
  <system-out/>
  <testcase classname="TestNGTests.IncludeTC" name="test1" time="0.002"/>
  <system-out/>
</testsuite> <!-- TestNGTests.IncludeTC -->
