<?xml version="1.0" encoding="UTF-8"?>
<!-- Generated by org.testng.reporters.JUnitReportReporter -->
<testsuite hostname="IN-PF2RSDYR" failures="0" tests="4" name="TestNGTests.FirstTestNGTest" time="22.231" errors="0" timestamp="2024-01-13T15:30:07 IST" skipped="0">
  <testcase classname="TestNGTests.FirstTestNGTest" name="TC_FirstTest" time="4.347"/>
  <system-out/>
  <testcase classname="TestNGTests.FirstTestNGTest" name="TC_FirstTest1" time="5.011"/>
  <system-out/>
  <testcase classname="TestNGTests.FirstTestNGTest" name="TC_FirstTest" time="6.405"/>
  <system-out/>
  <testcase classname="TestNGTests.FirstTestNGTest" name="TC_FirstTest" time="6.468"/>
  <system-out/>
</testsuite> <!-- TestNGTests.FirstTestNGTest -->
