<?xml version="1.0" encoding="UTF-8"?>
<!-- Generated by org.testng.reporters.JUnitReportReporter -->
<testsuite hostname="IN-PF2RSDYR" failures="0" tests="2" name="TestNGTests.DataProviderTest" time="12.626" errors="0" timestamp="2024-01-14T16:04:33 IST" skipped="0">
  <testcase classname="TestNGTests.DataProviderTest" name="TC_parameter" time="7.377"/>
  <system-out/>
  <testcase classname="TestNGTests.DataProviderTest" name="TC_parameter" time="5.249"/>
  <system-out/>
</testsuite> <!-- TestNGTests.DataProviderTest -->
