<?xml version="1.0" encoding="UTF-8"?>
<!-- Generated by org.testng.reporters.JUnitReportReporter -->
<testsuite hostname="IN-PF2RSDYR" failures="0" tests="3" name="TestNGTests.ParallelTest" time="18.735" errors="0" timestamp="2024-01-20T14:55:51 IST" skipped="0">
  <testcase classname="TestNGTests.ParallelTest" name="facebook2" time="6.559"/>
  <system-out/>
  <testcase classname="TestNGTests.ParallelTest" name="facebook1" time="6.183"/>
  <system-out/>
  <testcase classname="TestNGTests.ParallelTest" name="facebook" time="5.993"/>
  <system-out/>
</testsuite> <!-- TestNGTests.ParallelTest -->
