<?xml version="1.0" encoding="UTF-8"?>
<!-- Generated by org.testng.reporters.JUnitReportReporter -->
<testsuite hostname="IN-PF2RSDYR" failures="0" tests="1" name="TestNGTests.SecondTests" time="5.130" errors="0" timestamp="2024-01-13T15:30:07 IST" skipped="0">
  <testcase classname="TestNGTests.SecondTests" name="TC_SecondTest" time="5.130"/>
  <system-out/>
</testsuite> <!-- TestNGTests.SecondTests -->
