<?xml version="1.0" encoding="UTF-8"?>
<!-- Generated by org.testng.reporters.JUnitReportReporter -->
<testsuite hostname="IN-PF2RSDYR" failures="0" tests="3" name="TestNGTests.GroupsTest" time="0.019" errors="0" timestamp="2024-01-14T15:28:11 IST" skipped="0">
  <testcase classname="TestNGTests.GroupsTest" name="test" time="0.015"/>
  <system-out/>
  <testcase classname="TestNGTests.GroupsTest" name="test2" time="0.003"/>
  <system-out/>
  <testcase classname="TestNGTests.GroupsTest" name="test3" time="0.001"/>
  <system-out/>
</testsuite> <!-- TestNGTests.GroupsTest -->
