<?xml version="1.0" encoding="UTF-8"?>
<!-- Generated by org.testng.reporters.JUnitReportReporter -->
<testsuite hostname="IN-PF2RSDYR" failures="0" tests="2" name="Runner.TestNGTestRunner" time="10.863" errors="0" timestamp="2024-01-27T14:36:17 IST" skipped="0">
  <testcase classname="Runner.TestNGTestRunner" name="runScenario" time="5.575"/>
  <system-out/>
  <testcase classname="Runner.TestNGTestRunner" name="runScenario" time="5.288"/>
  <system-out/>
</testsuite> <!-- Runner.TestNGTestRunner -->
