<?xml version="1.0" encoding="UTF-8"?>
<!-- Generated by org.testng.reporters.JUnitReportReporter -->
<testsuite hostname="IN-PF2RSDYR" failures="0" tests="2" name="TestNGTests.ParametersExample" time="17.625" errors="0" timestamp="2024-01-14T15:58:32 IST" skipped="0">
  <testcase classname="TestNGTests.ParametersExample" name="TC_parameter" time="9.732"/>
  <system-out/>
  <testcase classname="TestNGTests.ParametersExample" name="TC_parameter" time="7.893"/>
  <system-out/>
</testsuite> <!-- TestNGTests.ParametersExample -->
